<?xml version="1.0" encoding="UTF-8"?>
<testsuites name="jest tests" tests="380" failures="71" errors="0" time="5.431">
  <testsuite name="Login" errors="0" failures="1" skipped="0" timestamp="2025-09-04T20:05:28" time="0.862" tests="15">
    <testcase classname="Login component rendering should render login form correctly" name="Login component rendering should render login form correctly" time="0.102">
    </testcase>
    <testcase classname="Login component rendering should render register link correctly" name="Login component rendering should render register link correctly" time="0.006">
      <failure>Error: expect(element).toHaveAttribute(&quot;to&quot;, &quot;/register&quot;) // element.getAttribute(&quot;to&quot;) === &quot;/register&quot;

Expected the element to have attribute:
  to=&quot;/register&quot;
Received:
  null
    at Object.&lt;anonymous&gt; (/home/rgoldberg/projects/figure-collector-services/figure-collector-frontend/src/pages/__tests__/Login.test.tsx:108:41)
    at Promise.then.completed (/home/rgoldberg/projects/figure-collector-services/figure-collector-frontend/node_modules/@jest/core/node_modules/jest-circus/build/utils.js:391:28)
    at new Promise (&lt;anonymous&gt;)
    at callAsyncCircusFn (/home/rgoldberg/projects/figure-collector-services/figure-collector-frontend/node_modules/@jest/core/node_modules/jest-circus/build/utils.js:316:10)
    at _callCircusTest (/home/rgoldberg/projects/figure-collector-services/figure-collector-frontend/node_modules/@jest/core/node_modules/jest-circus/build/run.js:218:40)
    at _runTest (/home/rgoldberg/projects/figure-collector-services/figure-collector-frontend/node_modules/@jest/core/node_modules/jest-circus/build/run.js:155:3)
    at _runTestsForDescribeBlock (/home/rgoldberg/projects/figure-collector-services/figure-collector-frontend/node_modules/@jest/core/node_modules/jest-circus/build/run.js:66:9)
    at _runTestsForDescribeBlock (/home/rgoldberg/projects/figure-collector-services/figure-collector-frontend/node_modules/@jest/core/node_modules/jest-circus/build/run.js:60:9)
    at _runTestsForDescribeBlock (/home/rgoldberg/projects/figure-collector-services/figure-collector-frontend/node_modules/@jest/core/node_modules/jest-circus/build/run.js:60:9)
    at run (/home/rgoldberg/projects/figure-collector-services/figure-collector-frontend/node_modules/@jest/core/node_modules/jest-circus/build/run.js:25:3)
    at runAndTransformResultsToJestFormat (/home/rgoldberg/projects/figure-collector-services/figure-collector-frontend/node_modules/@jest/core/node_modules/jest-circus/build/legacy-code-todo-rewrite/jestAdapterInit.js:170:21)
    at jestAdapter (/home/rgoldberg/projects/figure-collector-services/figure-collector-frontend/node_modules/@jest/core/node_modules/jest-circus/build/legacy-code-todo-rewrite/jestAdapter.js:82:19)
    at runTestInternal (/home/rgoldberg/projects/figure-collector-services/figure-collector-frontend/node_modules/jest-runner/build/runTest.js:389:16)
    at runTest (/home/rgoldberg/projects/figure-collector-services/figure-collector-frontend/node_modules/jest-runner/build/runTest.js:475:34)</failure>
    </testcase>
    <testcase classname="Login component rendering should render app logo and title" name="Login component rendering should render app logo and title" time="0.008">
    </testcase>
    <testcase classname="Login form validation should not submit form when validation fails" name="Login form validation should not submit form when validation fails" time="0.024">
    </testcase>
    <testcase classname="Login password visibility toggle should toggle password visibility when eye icon is clicked" name="Login password visibility toggle should toggle password visibility when eye icon is clicked" time="0.028">
    </testcase>
    <testcase classname="Login password visibility toggle should show correct eye icon based on password visibility" name="Login password visibility toggle should show correct eye icon based on password visibility" time="0.024">
    </testcase>
    <testcase classname="Login form submission should call form submit handler when form is submitted" name="Login form submission should call form submit handler when form is submitted" time="0.048">
    </testcase>
    <testcase classname="Login accessibility should have proper form labels and associations" name="Login accessibility should have proper form labels and associations" time="0.004">
    </testcase>
    <testcase classname="Login accessibility should have proper autocomplete attributes" name="Login accessibility should have proper autocomplete attributes" time="0.004">
    </testcase>
    <testcase classname="Login accessibility should have proper form structure for screen readers" name="Login accessibility should have proper form structure for screen readers" time="0.009">
    </testcase>
    <testcase classname="Login keyboard navigation should allow tabbing through form elements" name="Login keyboard navigation should allow tabbing through form elements" time="0.037">
    </testcase>
    <testcase classname="Login edge cases should handle very long email addresses" name="Login edge cases should handle very long email addresses" time="0.059">
    </testcase>
    <testcase classname="Login edge cases should handle very long passwords" name="Login edge cases should handle very long passwords" time="0.249">
    </testcase>
    <testcase classname="Login edge cases should handle special characters in form inputs" name="Login edge cases should handle special characters in form inputs" time="0.029">
    </testcase>
    <testcase classname="Login edge cases should not show validation errors on initial render" name="Login edge cases should not show validation errors on initial render" time="0.007">
    </testcase>
  </testsuite>
  <testsuite name="EmptyState" errors="0" failures="8" skipped="0" timestamp="2025-09-04T20:05:28" time="0.267" tests="24">
    <testcase classname="EmptyState collection type should render collection empty state with default message" name="EmptyState collection type should render collection empty state with default message" time="0.047">
      <failure>TestingLibraryElementError: Unable to find an accessible element with the role &quot;button&quot; and name `/add your first figure/i`

Here are the accessible roles:

  paragraph:

  Name &quot;&quot;:
  &lt;p
    data-testid=&quot;text&quot;
    font-size=&quot;xl&quot;
    font-weight=&quot;bold&quot;
  /&gt;

  Name &quot;&quot;:
  &lt;p
    color=&quot;gray.600&quot;
    data-testid=&quot;text&quot;
  /&gt;

  --------------------------------------------------
  link:

  Name &quot;Add Your First Figure&quot;:
  &lt;a
    data-testid=&quot;button&quot;
    href=&quot;/figures/add&quot;
  /&gt;

  --------------------------------------------------

Ignored nodes: comments, script, style
&lt;body&gt;
  &lt;div&gt;
    &lt;div
      data-testid=&quot;query-client-provider&quot;
    &gt;
      &lt;div&gt;
        &lt;div
          bg=&quot;white&quot;
          borderradius=&quot;lg&quot;
          data-testid=&quot;box&quot;
          my=&quot;10&quot;
          p=&quot;10&quot;
          shadow=&quot;sm&quot;
          textalign=&quot;center&quot;
        &gt;
          &lt;div
            data-testid=&quot;vstack&quot;
            spacing=&quot;6&quot;
          &gt;
            &lt;span
              boxsize=&quot;12&quot;
              color=&quot;gray.400&quot;
              data-testid=&quot;icon&quot;
            /&gt;
            &lt;div
              data-testid=&quot;vstack&quot;
              spacing=&quot;2&quot;
            &gt;
              &lt;p
                data-testid=&quot;text&quot;
                font-size=&quot;xl&quot;
                font-weight=&quot;bold&quot;
              &gt;
                Your collection is empty
              &lt;/p&gt;
              &lt;p
                color=&quot;gray.600&quot;
                data-testid=&quot;text&quot;
              &gt;
                You haven&apos;t added any figures to your collection yet.
              &lt;/p&gt;
            &lt;/div&gt;
            &lt;a
              data-testid=&quot;button&quot;
              href=&quot;/figures/add&quot;
            &gt;
              &lt;span
                data-testid=&quot;left-icon&quot;
              &gt;
                &lt;span
                  data-testid=&quot;icon&quot;
                /&gt;
              &lt;/span&gt;
              Add Your First Figure
            &lt;/a&gt;
          &lt;/div&gt;
        &lt;/div&gt;
      &lt;/div&gt;
    &lt;/div&gt;
  &lt;/div&gt;
&lt;/body&gt;
    at Object.getElementError (/home/rgoldberg/projects/figure-collector-services/figure-collector-frontend/node_modules/@testing-library/dom/dist/config.js:37:19)
    at /home/rgoldberg/projects/figure-collector-services/figure-collector-frontend/node_modules/@testing-library/dom/dist/query-helpers.js:76:38
    at /home/rgoldberg/projects/figure-collector-services/figure-collector-frontend/node_modules/@testing-library/dom/dist/query-helpers.js:52:17
    at getByRole (/home/rgoldberg/projects/figure-collector-services/figure-collector-frontend/node_modules/@testing-library/dom/dist/query-helpers.js:95:19)
    at Object.&lt;anonymous&gt; (/home/rgoldberg/projects/figure-collector-services/figure-collector-frontend/src/components/__tests__/EmptyState.test.tsx:23:21)
    at Promise.then.completed (/home/rgoldberg/projects/figure-collector-services/figure-collector-frontend/node_modules/@jest/core/node_modules/jest-circus/build/utils.js:391:28)
    at new Promise (&lt;anonymous&gt;)
    at callAsyncCircusFn (/home/rgoldberg/projects/figure-collector-services/figure-collector-frontend/node_modules/@jest/core/node_modules/jest-circus/build/utils.js:316:10)
    at _callCircusTest (/home/rgoldberg/projects/figure-collector-services/figure-collector-frontend/node_modules/@jest/core/node_modules/jest-circus/build/run.js:218:40)
    at _runTest (/home/rgoldberg/projects/figure-collector-services/figure-collector-frontend/node_modules/@jest/core/node_modules/jest-circus/build/run.js:155:3)
    at _runTestsForDescribeBlock (/home/rgoldberg/projects/figure-collector-services/figure-collector-frontend/node_modules/@jest/core/node_modules/jest-circus/build/run.js:66:9)
    at _runTestsForDescribeBlock (/home/rgoldberg/projects/figure-collector-services/figure-collector-frontend/node_modules/@jest/core/node_modules/jest-circus/build/run.js:60:9)
    at _runTestsForDescribeBlock (/home/rgoldberg/projects/figure-collector-services/figure-collector-frontend/node_modules/@jest/core/node_modules/jest-circus/build/run.js:60:9)
    at run (/home/rgoldberg/projects/figure-collector-services/figure-collector-frontend/node_modules/@jest/core/node_modules/jest-circus/build/run.js:25:3)
    at runAndTransformResultsToJestFormat (/home/rgoldberg/projects/figure-collector-services/figure-collector-frontend/node_modules/@jest/core/node_modules/jest-circus/build/legacy-code-todo-rewrite/jestAdapterInit.js:170:21)
    at jestAdapter (/home/rgoldberg/projects/figure-collector-services/figure-collector-frontend/node_modules/@jest/core/node_modules/jest-circus/build/legacy-code-todo-rewrite/jestAdapter.js:82:19)
    at runTestInternal (/home/rgoldberg/projects/figure-collector-services/figure-collector-frontend/node_modules/jest-runner/build/runTest.js:389:16)
    at runTest (/home/rgoldberg/projects/figure-collector-services/figure-collector-frontend/node_modules/jest-runner/build/runTest.js:475:34)</failure>
    </testcase>
    <testcase classname="EmptyState collection type should render collection empty state with custom message" name="EmptyState collection type should render collection empty state with custom message" time="0.003">
    </testcase>
    <testcase classname="EmptyState collection type should have correct link to add figure page" name="EmptyState collection type should have correct link to add figure page" time="0.018">
      <failure>TestingLibraryElementError: Unable to find an accessible element with the role &quot;button&quot; and name `/add your first figure/i`

Here are the accessible roles:

  paragraph:

  Name &quot;&quot;:
  &lt;p
    data-testid=&quot;text&quot;
    font-size=&quot;xl&quot;
    font-weight=&quot;bold&quot;
  /&gt;

  Name &quot;&quot;:
  &lt;p
    color=&quot;gray.600&quot;
    data-testid=&quot;text&quot;
  /&gt;

  --------------------------------------------------
  link:

  Name &quot;Add Your First Figure&quot;:
  &lt;a
    data-testid=&quot;button&quot;
    href=&quot;/figures/add&quot;
  /&gt;

  --------------------------------------------------

Ignored nodes: comments, script, style
&lt;body&gt;
  &lt;div&gt;
    &lt;div
      data-testid=&quot;query-client-provider&quot;
    &gt;
      &lt;div&gt;
        &lt;div
          bg=&quot;white&quot;
          borderradius=&quot;lg&quot;
          data-testid=&quot;box&quot;
          my=&quot;10&quot;
          p=&quot;10&quot;
          shadow=&quot;sm&quot;
          textalign=&quot;center&quot;
        &gt;
          &lt;div
            data-testid=&quot;vstack&quot;
            spacing=&quot;6&quot;
          &gt;
            &lt;span
              boxsize=&quot;12&quot;
              color=&quot;gray.400&quot;
              data-testid=&quot;icon&quot;
            /&gt;
            &lt;div
              data-testid=&quot;vstack&quot;
              spacing=&quot;2&quot;
            &gt;
              &lt;p
                data-testid=&quot;text&quot;
                font-size=&quot;xl&quot;
                font-weight=&quot;bold&quot;
              &gt;
                Your collection is empty
              &lt;/p&gt;
              &lt;p
                color=&quot;gray.600&quot;
                data-testid=&quot;text&quot;
              &gt;
                You haven&apos;t added any figures to your collection yet.
              &lt;/p&gt;
            &lt;/div&gt;
            &lt;a
              data-testid=&quot;button&quot;
              href=&quot;/figures/add&quot;
            &gt;
              &lt;span
                data-testid=&quot;left-icon&quot;
              &gt;
                &lt;span
                  data-testid=&quot;icon&quot;
                /&gt;
              &lt;/span&gt;
              Add Your First Figure
            &lt;/a&gt;
          &lt;/div&gt;
        &lt;/div&gt;
      &lt;/div&gt;
    &lt;/div&gt;
  &lt;/div&gt;
&lt;/body&gt;
    at Object.getElementError (/home/rgoldberg/projects/figure-collector-services/figure-collector-frontend/node_modules/@testing-library/dom/dist/config.js:37:19)
    at /home/rgoldberg/projects/figure-collector-services/figure-collector-frontend/node_modules/@testing-library/dom/dist/query-helpers.js:76:38
    at /home/rgoldberg/projects/figure-collector-services/figure-collector-frontend/node_modules/@testing-library/dom/dist/query-helpers.js:52:17
    at getByRole (/home/rgoldberg/projects/figure-collector-services/figure-collector-frontend/node_modules/@testing-library/dom/dist/query-helpers.js:95:19)
    at Object.&lt;anonymous&gt; (/home/rgoldberg/projects/figure-collector-services/figure-collector-frontend/src/components/__tests__/EmptyState.test.tsx:37:32)
    at Promise.then.completed (/home/rgoldberg/projects/figure-collector-services/figure-collector-frontend/node_modules/@jest/core/node_modules/jest-circus/build/utils.js:391:28)
    at new Promise (&lt;anonymous&gt;)
    at callAsyncCircusFn (/home/rgoldberg/projects/figure-collector-services/figure-collector-frontend/node_modules/@jest/core/node_modules/jest-circus/build/utils.js:316:10)
    at _callCircusTest (/home/rgoldberg/projects/figure-collector-services/figure-collector-frontend/node_modules/@jest/core/node_modules/jest-circus/build/run.js:218:40)
    at _runTest (/home/rgoldberg/projects/figure-collector-services/figure-collector-frontend/node_modules/@jest/core/node_modules/jest-circus/build/run.js:155:3)
    at _runTestsForDescribeBlock (/home/rgoldberg/projects/figure-collector-services/figure-collector-frontend/node_modules/@jest/core/node_modules/jest-circus/build/run.js:66:9)
    at _runTestsForDescribeBlock (/home/rgoldberg/projects/figure-collector-services/figure-collector-frontend/node_modules/@jest/core/node_modules/jest-circus/build/run.js:60:9)
    at _runTestsForDescribeBlock (/home/rgoldberg/projects/figure-collector-services/figure-collector-frontend/node_modules/@jest/core/node_modules/jest-circus/build/run.js:60:9)
    at run (/home/rgoldberg/projects/figure-collector-services/figure-collector-frontend/node_modules/@jest/core/node_modules/jest-circus/build/run.js:25:3)
    at runAndTransformResultsToJestFormat (/home/rgoldberg/projects/figure-collector-services/figure-collector-frontend/node_modules/@jest/core/node_modules/jest-circus/build/legacy-code-todo-rewrite/jestAdapterInit.js:170:21)
    at jestAdapter (/home/rgoldberg/projects/figure-collector-services/figure-collector-frontend/node_modules/@jest/core/node_modules/jest-circus/build/legacy-code-todo-rewrite/jestAdapter.js:82:19)
    at runTestInternal (/home/rgoldberg/projects/figure-collector-services/figure-collector-frontend/node_modules/jest-runner/build/runTest.js:389:16)
    at runTest (/home/rgoldberg/projects/figure-collector-services/figure-collector-frontend/node_modules/jest-runner/build/runTest.js:475:34)</failure>
    </testcase>
    <testcase classname="EmptyState collection type should display collection icon" name="EmptyState collection type should display collection icon" time="0.002">
    </testcase>
    <testcase classname="EmptyState search type should render search empty state with default message" name="EmptyState search type should render search empty state with default message" time="0.005">
    </testcase>
    <testcase classname="EmptyState search type should render search empty state with custom message" name="EmptyState search type should render search empty state with custom message" time="0.002">
    </testcase>
    <testcase classname="EmptyState search type should handle clear search button click" name="EmptyState search type should handle clear search button click" time="0.012">
    </testcase>
    <testcase classname="EmptyState filter type should render filter empty state with default message" name="EmptyState filter type should render filter empty state with default message" time="0.005">
    </testcase>
    <testcase classname="EmptyState filter type should render filter empty state with custom message" name="EmptyState filter type should render filter empty state with custom message" time="0.003">
    </testcase>
    <testcase classname="EmptyState filter type should handle clear filters button click" name="EmptyState filter type should handle clear filters button click" time="0.008">
    </testcase>
    <testcase classname="EmptyState default/unknown type should render default empty state for unknown type" name="EmptyState default/unknown type should render default empty state for unknown type" time="0.012">
      <failure>TestingLibraryElementError: Unable to find an accessible element with the role &quot;button&quot; and name `/go to dashboard/i`

Here are the accessible roles:

  paragraph:

  Name &quot;&quot;:
  &lt;p
    data-testid=&quot;text&quot;
    font-size=&quot;xl&quot;
    font-weight=&quot;bold&quot;
  /&gt;

  Name &quot;&quot;:
  &lt;p
    color=&quot;gray.600&quot;
    data-testid=&quot;text&quot;
  /&gt;

  --------------------------------------------------
  link:

  Name &quot;Go to Dashboard&quot;:
  &lt;a
    data-testid=&quot;button&quot;
    href=&quot;/&quot;
  /&gt;

  --------------------------------------------------

Ignored nodes: comments, script, style
&lt;body&gt;
  &lt;div&gt;
    &lt;div
      data-testid=&quot;query-client-provider&quot;
    &gt;
      &lt;div&gt;
        &lt;div
          bg=&quot;white&quot;
          borderradius=&quot;lg&quot;
          data-testid=&quot;box&quot;
          my=&quot;10&quot;
          p=&quot;10&quot;
          shadow=&quot;sm&quot;
          textalign=&quot;center&quot;
        &gt;
          &lt;div
            data-testid=&quot;vstack&quot;
            spacing=&quot;6&quot;
          &gt;
            &lt;span
              boxsize=&quot;12&quot;
              color=&quot;gray.400&quot;
              data-testid=&quot;icon&quot;
            /&gt;
            &lt;div
              data-testid=&quot;vstack&quot;
              spacing=&quot;2&quot;
            &gt;
              &lt;p
                data-testid=&quot;text&quot;
                font-size=&quot;xl&quot;
                font-weight=&quot;bold&quot;
              &gt;
                Nothing to display
              &lt;/p&gt;
              &lt;p
                color=&quot;gray.600&quot;
                data-testid=&quot;text&quot;
              &gt;
                No content available.
              &lt;/p&gt;
            &lt;/div&gt;
            &lt;a
              data-testid=&quot;button&quot;
              href=&quot;/&quot;
            &gt;
              Go to Dashboard
            &lt;/a&gt;
          &lt;/div&gt;
        &lt;/div&gt;
      &lt;/div&gt;
    &lt;/div&gt;
  &lt;/div&gt;
&lt;/body&gt;
    at Object.getElementError (/home/rgoldberg/projects/figure-collector-services/figure-collector-frontend/node_modules/@testing-library/dom/dist/config.js:37:19)
    at /home/rgoldberg/projects/figure-collector-services/figure-collector-frontend/node_modules/@testing-library/dom/dist/query-helpers.js:76:38
    at /home/rgoldberg/projects/figure-collector-services/figure-collector-frontend/node_modules/@testing-library/dom/dist/query-helpers.js:52:17
    at getByRole (/home/rgoldberg/projects/figure-collector-services/figure-collector-frontend/node_modules/@testing-library/dom/dist/query-helpers.js:95:19)
    at Object.&lt;anonymous&gt; (/home/rgoldberg/projects/figure-collector-services/figure-collector-frontend/src/components/__tests__/EmptyState.test.tsx:114:21)
    at Promise.then.completed (/home/rgoldberg/projects/figure-collector-services/figure-collector-frontend/node_modules/@jest/core/node_modules/jest-circus/build/utils.js:391:28)
    at new Promise (&lt;anonymous&gt;)
    at callAsyncCircusFn (/home/rgoldberg/projects/figure-collector-services/figure-collector-frontend/node_modules/@jest/core/node_modules/jest-circus/build/utils.js:316:10)
    at _callCircusTest (/home/rgoldberg/projects/figure-collector-services/figure-collector-frontend/node_modules/@jest/core/node_modules/jest-circus/build/run.js:218:40)
    at _runTest (/home/rgoldberg/projects/figure-collector-services/figure-collector-frontend/node_modules/@jest/core/node_modules/jest-circus/build/run.js:155:3)
    at _runTestsForDescribeBlock (/home/rgoldberg/projects/figure-collector-services/figure-collector-frontend/node_modules/@jest/core/node_modules/jest-circus/build/run.js:66:9)
    at _runTestsForDescribeBlock (/home/rgoldberg/projects/figure-collector-services/figure-collector-frontend/node_modules/@jest/core/node_modules/jest-circus/build/run.js:60:9)
    at _runTestsForDescribeBlock (/home/rgoldberg/projects/figure-collector-services/figure-collector-frontend/node_modules/@jest/core/node_modules/jest-circus/build/run.js:60:9)
    at run (/home/rgoldberg/projects/figure-collector-services/figure-collector-frontend/node_modules/@jest/core/node_modules/jest-circus/build/run.js:25:3)
    at runAndTransformResultsToJestFormat (/home/rgoldberg/projects/figure-collector-services/figure-collector-frontend/node_modules/@jest/core/node_modules/jest-circus/build/legacy-code-todo-rewrite/jestAdapterInit.js:170:21)
    at jestAdapter (/home/rgoldberg/projects/figure-collector-services/figure-collector-frontend/node_modules/@jest/core/node_modules/jest-circus/build/legacy-code-todo-rewrite/jestAdapter.js:82:19)
    at runTestInternal (/home/rgoldberg/projects/figure-collector-services/figure-collector-frontend/node_modules/jest-runner/build/runTest.js:389:16)
    at runTest (/home/rgoldberg/projects/figure-collector-services/figure-collector-frontend/node_modules/jest-runner/build/runTest.js:475:34)</failure>
    </testcase>
    <testcase classname="EmptyState default/unknown type should have correct link to dashboard" name="EmptyState default/unknown type should have correct link to dashboard" time="0.012">
      <failure>TestingLibraryElementError: Unable to find an accessible element with the role &quot;button&quot; and name `/go to dashboard/i`

Here are the accessible roles:

  paragraph:

  Name &quot;&quot;:
  &lt;p
    data-testid=&quot;text&quot;
    font-size=&quot;xl&quot;
    font-weight=&quot;bold&quot;
  /&gt;

  Name &quot;&quot;:
  &lt;p
    color=&quot;gray.600&quot;
    data-testid=&quot;text&quot;
  /&gt;

  --------------------------------------------------
  link:

  Name &quot;Go to Dashboard&quot;:
  &lt;a
    data-testid=&quot;button&quot;
    href=&quot;/&quot;
  /&gt;

  --------------------------------------------------

Ignored nodes: comments, script, style
&lt;body&gt;
  &lt;div&gt;
    &lt;div
      data-testid=&quot;query-client-provider&quot;
    &gt;
      &lt;div&gt;
        &lt;div
          bg=&quot;white&quot;
          borderradius=&quot;lg&quot;
          data-testid=&quot;box&quot;
          my=&quot;10&quot;
          p=&quot;10&quot;
          shadow=&quot;sm&quot;
          textalign=&quot;center&quot;
        &gt;
          &lt;div
            data-testid=&quot;vstack&quot;
            spacing=&quot;6&quot;
          &gt;
            &lt;span
              boxsize=&quot;12&quot;
              color=&quot;gray.400&quot;
              data-testid=&quot;icon&quot;
            /&gt;
            &lt;div
              data-testid=&quot;vstack&quot;
              spacing=&quot;2&quot;
            &gt;
              &lt;p
                data-testid=&quot;text&quot;
                font-size=&quot;xl&quot;
                font-weight=&quot;bold&quot;
              &gt;
                Nothing to display
              &lt;/p&gt;
              &lt;p
                color=&quot;gray.600&quot;
                data-testid=&quot;text&quot;
              &gt;
                No content available.
              &lt;/p&gt;
            &lt;/div&gt;
            &lt;a
              data-testid=&quot;button&quot;
              href=&quot;/&quot;
            &gt;
              Go to Dashboard
            &lt;/a&gt;
          &lt;/div&gt;
        &lt;/div&gt;
      &lt;/div&gt;
    &lt;/div&gt;
  &lt;/div&gt;
&lt;/body&gt;
    at Object.getElementError (/home/rgoldberg/projects/figure-collector-services/figure-collector-frontend/node_modules/@testing-library/dom/dist/config.js:37:19)
    at /home/rgoldberg/projects/figure-collector-services/figure-collector-frontend/node_modules/@testing-library/dom/dist/query-helpers.js:76:38
    at /home/rgoldberg/projects/figure-collector-services/figure-collector-frontend/node_modules/@testing-library/dom/dist/query-helpers.js:52:17
    at getByRole (/home/rgoldberg/projects/figure-collector-services/figure-collector-frontend/node_modules/@testing-library/dom/dist/query-helpers.js:95:19)
    at Object.&lt;anonymous&gt; (/home/rgoldberg/projects/figure-collector-services/figure-collector-frontend/src/components/__tests__/EmptyState.test.tsx:121:38)
    at Promise.then.completed (/home/rgoldberg/projects/figure-collector-services/figure-collector-frontend/node_modules/@jest/core/node_modules/jest-circus/build/utils.js:391:28)
    at new Promise (&lt;anonymous&gt;)
    at callAsyncCircusFn (/home/rgoldberg/projects/figure-collector-services/figure-collector-frontend/node_modules/@jest/core/node_modules/jest-circus/build/utils.js:316:10)
    at _callCircusTest (/home/rgoldberg/projects/figure-collector-services/figure-collector-frontend/node_modules/@jest/core/node_modules/jest-circus/build/run.js:218:40)
    at _runTest (/home/rgoldberg/projects/figure-collector-services/figure-collector-frontend/node_modules/@jest/core/node_modules/jest-circus/build/run.js:155:3)
    at _runTestsForDescribeBlock (/home/rgoldberg/projects/figure-collector-services/figure-collector-frontend/node_modules/@jest/core/node_modules/jest-circus/build/run.js:66:9)
    at _runTestsForDescribeBlock (/home/rgoldberg/projects/figure-collector-services/figure-collector-frontend/node_modules/@jest/core/node_modules/jest-circus/build/run.js:60:9)
    at _runTestsForDescribeBlock (/home/rgoldberg/projects/figure-collector-services/figure-collector-frontend/node_modules/@jest/core/node_modules/jest-circus/build/run.js:60:9)
    at run (/home/rgoldberg/projects/figure-collector-services/figure-collector-frontend/node_modules/@jest/core/node_modules/jest-circus/build/run.js:25:3)
    at runAndTransformResultsToJestFormat (/home/rgoldberg/projects/figure-collector-services/figure-collector-frontend/node_modules/@jest/core/node_modules/jest-circus/build/legacy-code-todo-rewrite/jestAdapterInit.js:170:21)
    at jestAdapter (/home/rgoldberg/projects/figure-collector-services/figure-collector-frontend/node_modules/@jest/core/node_modules/jest-circus/build/legacy-code-todo-rewrite/jestAdapter.js:82:19)
    at runTestInternal (/home/rgoldberg/projects/figure-collector-services/figure-collector-frontend/node_modules/jest-runner/build/runTest.js:389:16)
    at runTest (/home/rgoldberg/projects/figure-collector-services/figure-collector-frontend/node_modules/jest-runner/build/runTest.js:475:34)</failure>
    </testcase>
    <testcase classname="EmptyState default/unknown type should render default empty state with custom message" name="EmptyState default/unknown type should render default empty state with custom message" time="0.002">
    </testcase>
    <testcase classname="EmptyState styling and layout should render with proper semantic structure" name="EmptyState styling and layout should render with proper semantic structure" time="0.015">
      <failure>TestingLibraryElementError: Unable to find an accessible element with the role &quot;button&quot; and name `/add your first figure/i`

Here are the accessible roles:

  paragraph:

  Name &quot;&quot;:
  &lt;p
    data-testid=&quot;text&quot;
    font-size=&quot;xl&quot;
    font-weight=&quot;bold&quot;
  /&gt;

  Name &quot;&quot;:
  &lt;p
    color=&quot;gray.600&quot;
    data-testid=&quot;text&quot;
  /&gt;

  --------------------------------------------------
  link:

  Name &quot;Add Your First Figure&quot;:
  &lt;a
    data-testid=&quot;button&quot;
    href=&quot;/figures/add&quot;
  /&gt;

  --------------------------------------------------

Ignored nodes: comments, script, style
&lt;body&gt;
  &lt;div&gt;
    &lt;div
      data-testid=&quot;query-client-provider&quot;
    &gt;
      &lt;div&gt;
        &lt;div
          bg=&quot;white&quot;
          borderradius=&quot;lg&quot;
          data-testid=&quot;box&quot;
          my=&quot;10&quot;
          p=&quot;10&quot;
          shadow=&quot;sm&quot;
          textalign=&quot;center&quot;
        &gt;
          &lt;div
            data-testid=&quot;vstack&quot;
            spacing=&quot;6&quot;
          &gt;
            &lt;span
              boxsize=&quot;12&quot;
              color=&quot;gray.400&quot;
              data-testid=&quot;icon&quot;
            /&gt;
            &lt;div
              data-testid=&quot;vstack&quot;
              spacing=&quot;2&quot;
            &gt;
              &lt;p
                data-testid=&quot;text&quot;
                font-size=&quot;xl&quot;
                font-weight=&quot;bold&quot;
              &gt;
                Your collection is empty
              &lt;/p&gt;
              &lt;p
                color=&quot;gray.600&quot;
                data-testid=&quot;text&quot;
              &gt;
                You haven&apos;t added any figures to your collection yet.
              &lt;/p&gt;
            &lt;/div&gt;
            &lt;a
              data-testid=&quot;button&quot;
              href=&quot;/figures/add&quot;
            &gt;
              &lt;span
                data-testid=&quot;left-icon&quot;
              &gt;
                &lt;span
                  data-testid=&quot;icon&quot;
                /&gt;
              &lt;/span&gt;
              Add Your First Figure
            &lt;/a&gt;
          &lt;/div&gt;
        &lt;/div&gt;
      &lt;/div&gt;
    &lt;/div&gt;
  &lt;/div&gt;
&lt;/body&gt;
    at Object.getElementError (/home/rgoldberg/projects/figure-collector-services/figure-collector-frontend/node_modules/@testing-library/dom/dist/config.js:37:19)
    at /home/rgoldberg/projects/figure-collector-services/figure-collector-frontend/node_modules/@testing-library/dom/dist/query-helpers.js:76:38
    at /home/rgoldberg/projects/figure-collector-services/figure-collector-frontend/node_modules/@testing-library/dom/dist/query-helpers.js:52:17
    at getByRole (/home/rgoldberg/projects/figure-collector-services/figure-collector-frontend/node_modules/@testing-library/dom/dist/query-helpers.js:95:19)
    at Object.&lt;anonymous&gt; (/home/rgoldberg/projects/figure-collector-services/figure-collector-frontend/src/components/__tests__/EmptyState.test.tsx:141:21)
    at Promise.then.completed (/home/rgoldberg/projects/figure-collector-services/figure-collector-frontend/node_modules/@jest/core/node_modules/jest-circus/build/utils.js:391:28)
    at new Promise (&lt;anonymous&gt;)
    at callAsyncCircusFn (/home/rgoldberg/projects/figure-collector-services/figure-collector-frontend/node_modules/@jest/core/node_modules/jest-circus/build/utils.js:316:10)
    at _callCircusTest (/home/rgoldberg/projects/figure-collector-services/figure-collector-frontend/node_modules/@jest/core/node_modules/jest-circus/build/run.js:218:40)
    at _runTest (/home/rgoldberg/projects/figure-collector-services/figure-collector-frontend/node_modules/@jest/core/node_modules/jest-circus/build/run.js:155:3)
    at _runTestsForDescribeBlock (/home/rgoldberg/projects/figure-collector-services/figure-collector-frontend/node_modules/@jest/core/node_modules/jest-circus/build/run.js:66:9)
    at _runTestsForDescribeBlock (/home/rgoldberg/projects/figure-collector-services/figure-collector-frontend/node_modules/@jest/core/node_modules/jest-circus/build/run.js:60:9)
    at _runTestsForDescribeBlock (/home/rgoldberg/projects/figure-collector-services/figure-collector-frontend/node_modules/@jest/core/node_modules/jest-circus/build/run.js:60:9)
    at run (/home/rgoldberg/projects/figure-collector-services/figure-collector-frontend/node_modules/@jest/core/node_modules/jest-circus/build/run.js:25:3)
    at runAndTransformResultsToJestFormat (/home/rgoldberg/projects/figure-collector-services/figure-collector-frontend/node_modules/@jest/core/node_modules/jest-circus/build/legacy-code-todo-rewrite/jestAdapterInit.js:170:21)
    at jestAdapter (/home/rgoldberg/projects/figure-collector-services/figure-collector-frontend/node_modules/@jest/core/node_modules/jest-circus/build/legacy-code-todo-rewrite/jestAdapter.js:82:19)
    at runTestInternal (/home/rgoldberg/projects/figure-collector-services/figure-collector-frontend/node_modules/jest-runner/build/runTest.js:389:16)
    at runTest (/home/rgoldberg/projects/figure-collector-services/figure-collector-frontend/node_modules/jest-runner/build/runTest.js:475:34)</failure>
    </testcase>
    <testcase classname="EmptyState styling and layout should render with proper vertical spacing" name="EmptyState styling and layout should render with proper vertical spacing" time="0.002">
    </testcase>
    <testcase classname="EmptyState accessibility should have proper button roles for collection type" name="EmptyState accessibility should have proper button roles for collection type" time="0.014">
      <failure>TestingLibraryElementError: Unable to find an accessible element with the role &quot;button&quot; and name `/add your first figure/i`

Here are the accessible roles:

  paragraph:

  Name &quot;&quot;:
  &lt;p
    data-testid=&quot;text&quot;
    font-size=&quot;xl&quot;
    font-weight=&quot;bold&quot;
  /&gt;

  Name &quot;&quot;:
  &lt;p
    color=&quot;gray.600&quot;
    data-testid=&quot;text&quot;
  /&gt;

  --------------------------------------------------
  link:

  Name &quot;Add Your First Figure&quot;:
  &lt;a
    data-testid=&quot;button&quot;
    href=&quot;/figures/add&quot;
  /&gt;

  --------------------------------------------------

Ignored nodes: comments, script, style
&lt;body&gt;
  &lt;div&gt;
    &lt;div
      data-testid=&quot;query-client-provider&quot;
    &gt;
      &lt;div&gt;
        &lt;div
          bg=&quot;white&quot;
          borderradius=&quot;lg&quot;
          data-testid=&quot;box&quot;
          my=&quot;10&quot;
          p=&quot;10&quot;
          shadow=&quot;sm&quot;
          textalign=&quot;center&quot;
        &gt;
          &lt;div
            data-testid=&quot;vstack&quot;
            spacing=&quot;6&quot;
          &gt;
            &lt;span
              boxsize=&quot;12&quot;
              color=&quot;gray.400&quot;
              data-testid=&quot;icon&quot;
            /&gt;
            &lt;div
              data-testid=&quot;vstack&quot;
              spacing=&quot;2&quot;
            &gt;
              &lt;p
                data-testid=&quot;text&quot;
                font-size=&quot;xl&quot;
                font-weight=&quot;bold&quot;
              &gt;
                Your collection is empty
              &lt;/p&gt;
              &lt;p
                color=&quot;gray.600&quot;
                data-testid=&quot;text&quot;
              &gt;
                You haven&apos;t added any figures to your collection yet.
              &lt;/p&gt;
            &lt;/div&gt;
            &lt;a
              data-testid=&quot;button&quot;
              href=&quot;/figures/add&quot;
            &gt;
              &lt;span
                data-testid=&quot;left-icon&quot;
              &gt;
                &lt;span
                  data-testid=&quot;icon&quot;
                /&gt;
              &lt;/span&gt;
              Add Your First Figure
            &lt;/a&gt;
          &lt;/div&gt;
        &lt;/div&gt;
      &lt;/div&gt;
    &lt;/div&gt;
  &lt;/div&gt;
&lt;/body&gt;
    at Object.getElementError (/home/rgoldberg/projects/figure-collector-services/figure-collector-frontend/node_modules/@testing-library/dom/dist/config.js:37:19)
    at /home/rgoldberg/projects/figure-collector-services/figure-collector-frontend/node_modules/@testing-library/dom/dist/query-helpers.js:76:38
    at /home/rgoldberg/projects/figure-collector-services/figure-collector-frontend/node_modules/@testing-library/dom/dist/query-helpers.js:52:17
    at getByRole (/home/rgoldberg/projects/figure-collector-services/figure-collector-frontend/node_modules/@testing-library/dom/dist/query-helpers.js:95:19)
    at Object.&lt;anonymous&gt; (/home/rgoldberg/projects/figure-collector-services/figure-collector-frontend/src/components/__tests__/EmptyState.test.tsx:160:29)
    at Promise.then.completed (/home/rgoldberg/projects/figure-collector-services/figure-collector-frontend/node_modules/@jest/core/node_modules/jest-circus/build/utils.js:391:28)
    at new Promise (&lt;anonymous&gt;)
    at callAsyncCircusFn (/home/rgoldberg/projects/figure-collector-services/figure-collector-frontend/node_modules/@jest/core/node_modules/jest-circus/build/utils.js:316:10)
    at _callCircusTest (/home/rgoldberg/projects/figure-collector-services/figure-collector-frontend/node_modules/@jest/core/node_modules/jest-circus/build/run.js:218:40)
    at _runTest (/home/rgoldberg/projects/figure-collector-services/figure-collector-frontend/node_modules/@jest/core/node_modules/jest-circus/build/run.js:155:3)
    at _runTestsForDescribeBlock (/home/rgoldberg/projects/figure-collector-services/figure-collector-frontend/node_modules/@jest/core/node_modules/jest-circus/build/run.js:66:9)
    at _runTestsForDescribeBlock (/home/rgoldberg/projects/figure-collector-services/figure-collector-frontend/node_modules/@jest/core/node_modules/jest-circus/build/run.js:60:9)
    at _runTestsForDescribeBlock (/home/rgoldberg/projects/figure-collector-services/figure-collector-frontend/node_modules/@jest/core/node_modules/jest-circus/build/run.js:60:9)
    at run (/home/rgoldberg/projects/figure-collector-services/figure-collector-frontend/node_modules/@jest/core/node_modules/jest-circus/build/run.js:25:3)
    at runAndTransformResultsToJestFormat (/home/rgoldberg/projects/figure-collector-services/figure-collector-frontend/node_modules/@jest/core/node_modules/jest-circus/build/legacy-code-todo-rewrite/jestAdapterInit.js:170:21)
    at jestAdapter (/home/rgoldberg/projects/figure-collector-services/figure-collector-frontend/node_modules/@jest/core/node_modules/jest-circus/build/legacy-code-todo-rewrite/jestAdapter.js:82:19)
    at runTestInternal (/home/rgoldberg/projects/figure-collector-services/figure-collector-frontend/node_modules/jest-runner/build/runTest.js:389:16)
    at runTest (/home/rgoldberg/projects/figure-collector-services/figure-collector-frontend/node_modules/jest-runner/build/runTest.js:475:34)</failure>
    </testcase>
    <testcase classname="EmptyState accessibility should have proper button roles for search type" name="EmptyState accessibility should have proper button roles for search type" time="0.008">
    </testcase>
    <testcase classname="EmptyState accessibility should have proper button roles for filter type" name="EmptyState accessibility should have proper button roles for filter type" time="0.005">
    </testcase>
    <testcase classname="EmptyState accessibility should have accessible text content" name="EmptyState accessibility should have accessible text content" time="0.001">
    </testcase>
    <testcase classname="EmptyState button interactions should not trigger navigation for onclick buttons when using keyboard" name="EmptyState button interactions should not trigger navigation for onclick buttons when using keyboard" time="0.007">
    </testcase>
    <testcase classname="EmptyState button interactions should not break when onclick is undefined" name="EmptyState button interactions should not break when onclick is undefined" time="0.014">
      <failure>TestingLibraryElementError: Unable to find an accessible element with the role &quot;button&quot; and name `/add your first figure/i`

Here are the accessible roles:

  paragraph:

  Name &quot;&quot;:
  &lt;p
    data-testid=&quot;text&quot;
    font-size=&quot;xl&quot;
    font-weight=&quot;bold&quot;
  /&gt;

  Name &quot;&quot;:
  &lt;p
    color=&quot;gray.600&quot;
    data-testid=&quot;text&quot;
  /&gt;

  --------------------------------------------------
  link:

  Name &quot;Add Your First Figure&quot;:
  &lt;a
    data-testid=&quot;button&quot;
    href=&quot;/figures/add&quot;
  /&gt;

  --------------------------------------------------

Ignored nodes: comments, script, style
&lt;body&gt;
  &lt;div&gt;
    &lt;div
      data-testid=&quot;query-client-provider&quot;
    &gt;
      &lt;div&gt;
        &lt;div
          bg=&quot;white&quot;
          borderradius=&quot;lg&quot;
          data-testid=&quot;box&quot;
          my=&quot;10&quot;
          p=&quot;10&quot;
          shadow=&quot;sm&quot;
          textalign=&quot;center&quot;
        &gt;
          &lt;div
            data-testid=&quot;vstack&quot;
            spacing=&quot;6&quot;
          &gt;
            &lt;span
              boxsize=&quot;12&quot;
              color=&quot;gray.400&quot;
              data-testid=&quot;icon&quot;
            /&gt;
            &lt;div
              data-testid=&quot;vstack&quot;
              spacing=&quot;2&quot;
            &gt;
              &lt;p
                data-testid=&quot;text&quot;
                font-size=&quot;xl&quot;
                font-weight=&quot;bold&quot;
              &gt;
                Your collection is empty
              &lt;/p&gt;
              &lt;p
                color=&quot;gray.600&quot;
                data-testid=&quot;text&quot;
              &gt;
                You haven&apos;t added any figures to your collection yet.
              &lt;/p&gt;
            &lt;/div&gt;
            &lt;a
              data-testid=&quot;button&quot;
              href=&quot;/figures/add&quot;
            &gt;
              &lt;span
                data-testid=&quot;left-icon&quot;
              &gt;
                &lt;span
                  data-testid=&quot;icon&quot;
                /&gt;
              &lt;/span&gt;
              Add Your First Figure
            &lt;/a&gt;
          &lt;/div&gt;
        &lt;/div&gt;
      &lt;/div&gt;
    &lt;/div&gt;
  &lt;/div&gt;
&lt;/body&gt;
    at Object.getElementError (/home/rgoldberg/projects/figure-collector-services/figure-collector-frontend/node_modules/@testing-library/dom/dist/config.js:37:19)
    at /home/rgoldberg/projects/figure-collector-services/figure-collector-frontend/node_modules/@testing-library/dom/dist/query-helpers.js:76:38
    at /home/rgoldberg/projects/figure-collector-services/figure-collector-frontend/node_modules/@testing-library/dom/dist/query-helpers.js:52:17
    at getByRole (/home/rgoldberg/projects/figure-collector-services/figure-collector-frontend/node_modules/@testing-library/dom/dist/query-helpers.js:95:19)
    at Object.&lt;anonymous&gt; (/home/rgoldberg/projects/figure-collector-services/figure-collector-frontend/src/components/__tests__/EmptyState.test.tsx:204:29)
    at Promise.then.completed (/home/rgoldberg/projects/figure-collector-services/figure-collector-frontend/node_modules/@jest/core/node_modules/jest-circus/build/utils.js:391:28)
    at new Promise (&lt;anonymous&gt;)
    at callAsyncCircusFn (/home/rgoldberg/projects/figure-collector-services/figure-collector-frontend/node_modules/@jest/core/node_modules/jest-circus/build/utils.js:316:10)
    at _callCircusTest (/home/rgoldberg/projects/figure-collector-services/figure-collector-frontend/node_modules/@jest/core/node_modules/jest-circus/build/run.js:218:40)
    at _runTest (/home/rgoldberg/projects/figure-collector-services/figure-collector-frontend/node_modules/@jest/core/node_modules/jest-circus/build/run.js:155:3)
    at _runTestsForDescribeBlock (/home/rgoldberg/projects/figure-collector-services/figure-collector-frontend/node_modules/@jest/core/node_modules/jest-circus/build/run.js:66:9)
    at _runTestsForDescribeBlock (/home/rgoldberg/projects/figure-collector-services/figure-collector-frontend/node_modules/@jest/core/node_modules/jest-circus/build/run.js:60:9)
    at _runTestsForDescribeBlock (/home/rgoldberg/projects/figure-collector-services/figure-collector-frontend/node_modules/@jest/core/node_modules/jest-circus/build/run.js:60:9)
    at run (/home/rgoldberg/projects/figure-collector-services/figure-collector-frontend/node_modules/@jest/core/node_modules/jest-circus/build/run.js:25:3)
    at runAndTransformResultsToJestFormat (/home/rgoldberg/projects/figure-collector-services/figure-collector-frontend/node_modules/@jest/core/node_modules/jest-circus/build/legacy-code-todo-rewrite/jestAdapterInit.js:170:21)
    at jestAdapter (/home/rgoldberg/projects/figure-collector-services/figure-collector-frontend/node_modules/@jest/core/node_modules/jest-circus/build/legacy-code-todo-rewrite/jestAdapter.js:82:19)
    at runTestInternal (/home/rgoldberg/projects/figure-collector-services/figure-collector-frontend/node_modules/jest-runner/build/runTest.js:389:16)
    at runTest (/home/rgoldberg/projects/figure-collector-services/figure-collector-frontend/node_modules/jest-runner/build/runTest.js:475:34)</failure>
    </testcase>
    <testcase classname="EmptyState edge cases should handle empty message gracefully" name="EmptyState edge cases should handle empty message gracefully" time="0.015">
      <failure>TestingLibraryElementError: Unable to find an accessible element with the role &quot;button&quot; and name `/add your first figure/i`

Here are the accessible roles:

  paragraph:

  Name &quot;&quot;:
  &lt;p
    data-testid=&quot;text&quot;
    font-size=&quot;xl&quot;
    font-weight=&quot;bold&quot;
  /&gt;

  Name &quot;&quot;:
  &lt;p
    color=&quot;gray.600&quot;
    data-testid=&quot;text&quot;
  /&gt;

  --------------------------------------------------
  link:

  Name &quot;Add Your First Figure&quot;:
  &lt;a
    data-testid=&quot;button&quot;
    href=&quot;/figures/add&quot;
  /&gt;

  --------------------------------------------------

Ignored nodes: comments, script, style
&lt;body&gt;
  &lt;div&gt;
    &lt;div
      data-testid=&quot;query-client-provider&quot;
    &gt;
      &lt;div&gt;
        &lt;div
          bg=&quot;white&quot;
          borderradius=&quot;lg&quot;
          data-testid=&quot;box&quot;
          my=&quot;10&quot;
          p=&quot;10&quot;
          shadow=&quot;sm&quot;
          textalign=&quot;center&quot;
        &gt;
          &lt;div
            data-testid=&quot;vstack&quot;
            spacing=&quot;6&quot;
          &gt;
            &lt;span
              boxsize=&quot;12&quot;
              color=&quot;gray.400&quot;
              data-testid=&quot;icon&quot;
            /&gt;
            &lt;div
              data-testid=&quot;vstack&quot;
              spacing=&quot;2&quot;
            &gt;
              &lt;p
                data-testid=&quot;text&quot;
                font-size=&quot;xl&quot;
                font-weight=&quot;bold&quot;
              &gt;
                Your collection is empty
              &lt;/p&gt;
              &lt;p
                color=&quot;gray.600&quot;
                data-testid=&quot;text&quot;
              &gt;
                You haven&apos;t added any figures to your collection yet.
              &lt;/p&gt;
            &lt;/div&gt;
            &lt;a
              data-testid=&quot;button&quot;
              href=&quot;/figures/add&quot;
            &gt;
              &lt;span
                data-testid=&quot;left-icon&quot;
              &gt;
                &lt;span
                  data-testid=&quot;icon&quot;
                /&gt;
              &lt;/span&gt;
              Add Your First Figure
            &lt;/a&gt;
          &lt;/div&gt;
        &lt;/div&gt;
      &lt;/div&gt;
    &lt;/div&gt;
  &lt;/div&gt;
&lt;/body&gt;
    at Object.getElementError (/home/rgoldberg/projects/figure-collector-services/figure-collector-frontend/node_modules/@testing-library/dom/dist/config.js:37:19)
    at /home/rgoldberg/projects/figure-collector-services/figure-collector-frontend/node_modules/@testing-library/dom/dist/query-helpers.js:76:38
    at /home/rgoldberg/projects/figure-collector-services/figure-collector-frontend/node_modules/@testing-library/dom/dist/query-helpers.js:52:17
    at getByRole (/home/rgoldberg/projects/figure-collector-services/figure-collector-frontend/node_modules/@testing-library/dom/dist/query-helpers.js:95:19)
    at Object.&lt;anonymous&gt; (/home/rgoldberg/projects/figure-collector-services/figure-collector-frontend/src/components/__tests__/EmptyState.test.tsx:218:21)
    at Promise.then.completed (/home/rgoldberg/projects/figure-collector-services/figure-collector-frontend/node_modules/@jest/core/node_modules/jest-circus/build/utils.js:391:28)
    at new Promise (&lt;anonymous&gt;)
    at callAsyncCircusFn (/home/rgoldberg/projects/figure-collector-services/figure-collector-frontend/node_modules/@jest/core/node_modules/jest-circus/build/utils.js:316:10)
    at _callCircusTest (/home/rgoldberg/projects/figure-collector-services/figure-collector-frontend/node_modules/@jest/core/node_modules/jest-circus/build/run.js:218:40)
    at _runTest (/home/rgoldberg/projects/figure-collector-services/figure-collector-frontend/node_modules/@jest/core/node_modules/jest-circus/build/run.js:155:3)
    at _runTestsForDescribeBlock (/home/rgoldberg/projects/figure-collector-services/figure-collector-frontend/node_modules/@jest/core/node_modules/jest-circus/build/run.js:66:9)
    at _runTestsForDescribeBlock (/home/rgoldberg/projects/figure-collector-services/figure-collector-frontend/node_modules/@jest/core/node_modules/jest-circus/build/run.js:60:9)
    at _runTestsForDescribeBlock (/home/rgoldberg/projects/figure-collector-services/figure-collector-frontend/node_modules/@jest/core/node_modules/jest-circus/build/run.js:60:9)
    at run (/home/rgoldberg/projects/figure-collector-services/figure-collector-frontend/node_modules/@jest/core/node_modules/jest-circus/build/run.js:25:3)
    at runAndTransformResultsToJestFormat (/home/rgoldberg/projects/figure-collector-services/figure-collector-frontend/node_modules/@jest/core/node_modules/jest-circus/build/legacy-code-todo-rewrite/jestAdapterInit.js:170:21)
    at jestAdapter (/home/rgoldberg/projects/figure-collector-services/figure-collector-frontend/node_modules/@jest/core/node_modules/jest-circus/build/legacy-code-todo-rewrite/jestAdapter.js:82:19)
    at runTestInternal (/home/rgoldberg/projects/figure-collector-services/figure-collector-frontend/node_modules/jest-runner/build/runTest.js:389:16)
    at runTest (/home/rgoldberg/projects/figure-collector-services/figure-collector-frontend/node_modules/jest-runner/build/runTest.js:475:34)</failure>
    </testcase>
    <testcase classname="EmptyState edge cases should handle very long custom messages" name="EmptyState edge cases should handle very long custom messages" time="0.002">
    </testcase>
    <testcase classname="EmptyState edge cases should handle special characters in messages" name="EmptyState edge cases should handle special characters in messages" time="0.002">
    </testcase>
  </testsuite>
  <testsuite name="App Routing" errors="0" failures="1" skipped="0" timestamp="2025-09-04T20:05:29" time="0.145" tests="32">
    <testcase classname="App Routing Public Routes should render login page for unauthenticated users at root path" name="App Routing Public Routes should render login page for unauthenticated users at root path" time="0.013">
    </testcase>
    <testcase classname="App Routing Public Routes should render login page at /login path" name="App Routing Public Routes should render login page at /login path" time="0.002">
    </testcase>
    <testcase classname="App Routing Public Routes should render register page at /register path" name="App Routing Public Routes should render register page at /register path" time="0.002">
    </testcase>
    <testcase classname="App Routing Public Routes should redirect unauthenticated users from protected routes to login" name="App Routing Public Routes should redirect unauthenticated users from protected routes to login" time="0.002">
    </testcase>
    <testcase classname="App Routing Public Routes should redirect from dashboard to login when not authenticated" name="App Routing Public Routes should redirect from dashboard to login when not authenticated" time="0.002">
    </testcase>
    <testcase classname="App Routing Protected Routes should render dashboard page at root path for authenticated users" name="App Routing Protected Routes should render dashboard page at root path for authenticated users" time="0.003">
    </testcase>
    <testcase classname="App Routing Protected Routes should render figures list page at /figures" name="App Routing Protected Routes should render figures list page at /figures" time="0.002">
    </testcase>
    <testcase classname="App Routing Protected Routes should render figure detail page at /figures/:id" name="App Routing Protected Routes should render figure detail page at /figures/:id" time="0.002">
    </testcase>
    <testcase classname="App Routing Protected Routes should render add figure page at /figures/add" name="App Routing Protected Routes should render add figure page at /figures/add" time="0.001">
    </testcase>
    <testcase classname="App Routing Protected Routes should render edit figure page at /figures/edit/:id" name="App Routing Protected Routes should render edit figure page at /figures/edit/:id" time="0.002">
    </testcase>
    <testcase classname="App Routing Protected Routes should render search page at /search" name="App Routing Protected Routes should render search page at /search" time="0.002">
    </testcase>
    <testcase classname="App Routing Protected Routes should render statistics page at /statistics" name="App Routing Protected Routes should render statistics page at /statistics" time="0.002">
    </testcase>
    <testcase classname="App Routing Protected Routes should render profile page at /profile" name="App Routing Protected Routes should render profile page at /profile" time="0.002">
    </testcase>
    <testcase classname="App Routing Protected Routes should render not found page for invalid routes" name="App Routing Protected Routes should render not found page for invalid routes" time="0.001">
    </testcase>
    <testcase classname="App Routing ProtectedRoute Component should render children when user is authenticated" name="App Routing ProtectedRoute Component should render children when user is authenticated" time="0.001">
    </testcase>
    <testcase classname="App Routing ProtectedRoute Component should redirect to login when user is not authenticated" name="App Routing ProtectedRoute Component should redirect to login when user is not authenticated" time="0.002">
    </testcase>
    <testcase classname="App Routing ProtectedRoute Component should check authentication state on every render" name="App Routing ProtectedRoute Component should check authentication state on every render" time="0.002">
    </testcase>
    <testcase classname="App Routing Route Parameters should handle dynamic route parameters for figure detail" name="App Routing Route Parameters should handle dynamic route parameters for figure detail" time="0.002">
    </testcase>
    <testcase classname="App Routing Route Parameters should handle dynamic route parameters for edit figure" name="App Routing Route Parameters should handle dynamic route parameters for edit figure" time="0.001">
    </testcase>
    <testcase classname="App Routing Route Parameters should handle special characters in route parameters" name="App Routing Route Parameters should handle special characters in route parameters" time="0.002">
    </testcase>
    <testcase classname="App Routing Nested Routes should render layout wrapper for all protected routes" name="App Routing Nested Routes should render layout wrapper for all protected routes" time="0.009">
    </testcase>
    <testcase classname="App Routing Nested Routes should not render layout wrapper for public routes" name="App Routing Nested Routes should not render layout wrapper for public routes" time="0.002">
    </testcase>
    <testcase classname="App Routing Authentication State Changes should handle authentication state changes dynamically" name="App Routing Authentication State Changes should handle authentication state changes dynamically" time="0.012">
      <failure>Error: expect(element).not.toBeInTheDocument()

expected document not to contain element, found &lt;div data-testid=&quot;login-page&quot;&gt;Login&lt;/div&gt; instead

Ignored nodes: comments, script, style
&lt;html&gt;
  &lt;head /&gt;
  &lt;body&gt;
    &lt;div /&gt;
    &lt;div&gt;
      &lt;div
        data-testid=&quot;query-client-provider&quot;
      &gt;
        &lt;div&gt;
          &lt;div
            data-testid=&quot;box&quot;
          &gt;
            &lt;div
              data-testid=&quot;login-page&quot;
            &gt;
              Login
            &lt;/div&gt;
          &lt;/div&gt;
        &lt;/div&gt;
      &lt;/div&gt;
    &lt;/div&gt;
  &lt;/body&gt;
&lt;/html&gt;
    at /home/rgoldberg/projects/figure-collector-services/figure-collector-frontend/src/__tests__/App.test.tsx:393:56
    at runWithExpensiveErrorDiagnosticsDisabled (/home/rgoldberg/projects/figure-collector-services/figure-collector-frontend/node_modules/@testing-library/dom/dist/config.js:47:12)
    at checkCallback (/home/rgoldberg/projects/figure-collector-services/figure-collector-frontend/node_modules/@testing-library/dom/dist/wait-for.js:124:77)
    at /home/rgoldberg/projects/figure-collector-services/figure-collector-frontend/node_modules/@testing-library/dom/dist/wait-for.js:97:7
    at new Promise (&lt;anonymous&gt;)
    at waitFor (/home/rgoldberg/projects/figure-collector-services/figure-collector-frontend/node_modules/@testing-library/dom/dist/wait-for.js:36:10)
    at cb (/home/rgoldberg/projects/figure-collector-services/figure-collector-frontend/node_modules/@testing-library/dom/dist/wait-for.js:164:54)
    at Object.asyncWrapper (/home/rgoldberg/projects/figure-collector-services/figure-collector-frontend/src/setupTests.ts:139:20)
    at waitForWrapper (/home/rgoldberg/projects/figure-collector-services/figure-collector-frontend/node_modules/@testing-library/dom/dist/wait-for.js:164:35)
    at Object.&lt;anonymous&gt; (/home/rgoldberg/projects/figure-collector-services/figure-collector-frontend/src/__tests__/App.test.tsx:392:20)
    at Promise.then.completed (/home/rgoldberg/projects/figure-collector-services/figure-collector-frontend/node_modules/@jest/core/node_modules/jest-circus/build/utils.js:391:28)
    at new Promise (&lt;anonymous&gt;)
    at callAsyncCircusFn (/home/rgoldberg/projects/figure-collector-services/figure-collector-frontend/node_modules/@jest/core/node_modules/jest-circus/build/utils.js:316:10)
    at _callCircusTest (/home/rgoldberg/projects/figure-collector-services/figure-collector-frontend/node_modules/@jest/core/node_modules/jest-circus/build/run.js:218:40)
    at _runTest (/home/rgoldberg/projects/figure-collector-services/figure-collector-frontend/node_modules/@jest/core/node_modules/jest-circus/build/run.js:155:3)
    at _runTestsForDescribeBlock (/home/rgoldberg/projects/figure-collector-services/figure-collector-frontend/node_modules/@jest/core/node_modules/jest-circus/build/run.js:66:9)
    at _runTestsForDescribeBlock (/home/rgoldberg/projects/figure-collector-services/figure-collector-frontend/node_modules/@jest/core/node_modules/jest-circus/build/run.js:60:9)
    at _runTestsForDescribeBlock (/home/rgoldberg/projects/figure-collector-services/figure-collector-frontend/node_modules/@jest/core/node_modules/jest-circus/build/run.js:60:9)
    at run (/home/rgoldberg/projects/figure-collector-services/figure-collector-frontend/node_modules/@jest/core/node_modules/jest-circus/build/run.js:25:3)
    at runAndTransformResultsToJestFormat (/home/rgoldberg/projects/figure-collector-services/figure-collector-frontend/node_modules/@jest/core/node_modules/jest-circus/build/legacy-code-todo-rewrite/jestAdapterInit.js:170:21)
    at jestAdapter (/home/rgoldberg/projects/figure-collector-services/figure-collector-frontend/node_modules/@jest/core/node_modules/jest-circus/build/legacy-code-todo-rewrite/jestAdapter.js:82:19)
    at runTestInternal (/home/rgoldberg/projects/figure-collector-services/figure-collector-frontend/node_modules/jest-runner/build/runTest.js:389:16)
    at runTest (/home/rgoldberg/projects/figure-collector-services/figure-collector-frontend/node_modules/jest-runner/build/runTest.js:475:34)</failure>
    </testcase>
    <testcase classname="App Routing Authentication State Changes should redirect to login when user logs out" name="App Routing Authentication State Changes should redirect to login when user logs out" time="0.008">
    </testcase>
    <testcase classname="App Routing Route Guards should prevent access to authenticated-only routes when not logged in" name="App Routing Route Guards should prevent access to authenticated-only routes when not logged in" time="0.009">
    </testcase>
    <testcase classname="App Routing Route Guards should allow access to public routes regardless of authentication" name="App Routing Route Guards should allow access to public routes regardless of authentication" time="0.004">
    </testcase>
    <testcase classname="App Routing Error Boundaries and Edge Cases should handle invalid authentication state gracefully" name="App Routing Error Boundaries and Edge Cases should handle invalid authentication state gracefully" time="0.001">
    </testcase>
    <testcase classname="App Routing Error Boundaries and Edge Cases should handle malformed user object" name="App Routing Error Boundaries and Edge Cases should handle malformed user object" time="0.002">
    </testcase>
    <testcase classname="App Routing Error Boundaries and Edge Cases should handle route navigation with special characters" name="App Routing Error Boundaries and Edge Cases should handle route navigation with special characters" time="0.003">
    </testcase>
    <testcase classname="App Routing Error Boundaries and Edge Cases should handle deeply nested invalid routes" name="App Routing Error Boundaries and Edge Cases should handle deeply nested invalid routes" time="0.002">
    </testcase>
    <testcase classname="App Routing Performance and Optimization should not cause excessive re-renders on auth state checks" name="App Routing Performance and Optimization should not cause excessive re-renders on auth state checks" time="0.001">
    </testcase>
    <testcase classname="App Routing Performance and Optimization should handle rapid route changes" name="App Routing Performance and Optimization should handle rapid route changes" time="0.005">
    </testcase>
  </testsuite>
  <testsuite name="Figure Operations Integration" errors="0" failures="2" skipped="0" timestamp="2025-09-04T20:05:29" time="0.141" tests="2">
    <testcase classname="Figure Operations Integration creates a new figure through backend integration" name="Figure Operations Integration creates a new figure through backend integration" time="0.058">
      <failure>TypeError: Cannot read properties of undefined (reading &apos;isLoading&apos;)
    at AddFigure (/home/rgoldberg/projects/figure-collector-services/figure-collector-frontend/src/pages/AddFigure.tsx:85:31)
    at renderWithHooks (/home/rgoldberg/projects/figure-collector-services/figure-collector-frontend/node_modules/react-dom/cjs/react-dom.development.js:15486:18)
    at mountIndeterminateComponent (/home/rgoldberg/projects/figure-collector-services/figure-collector-frontend/node_modules/react-dom/cjs/react-dom.development.js:20103:13)
    at beginWork (/home/rgoldberg/projects/figure-collector-services/figure-collector-frontend/node_modules/react-dom/cjs/react-dom.development.js:21626:16)
    at beginWork$1 (/home/rgoldberg/projects/figure-collector-services/figure-collector-frontend/node_modules/react-dom/cjs/react-dom.development.js:27465:14)
    at performUnitOfWork (/home/rgoldberg/projects/figure-collector-services/figure-collector-frontend/node_modules/react-dom/cjs/react-dom.development.js:26599:12)
    at workLoopSync (/home/rgoldberg/projects/figure-collector-services/figure-collector-frontend/node_modules/react-dom/cjs/react-dom.development.js:26505:5)
    at renderRootSync (/home/rgoldberg/projects/figure-collector-services/figure-collector-frontend/node_modules/react-dom/cjs/react-dom.development.js:26473:7)
    at recoverFromConcurrentError (/home/rgoldberg/projects/figure-collector-services/figure-collector-frontend/node_modules/react-dom/cjs/react-dom.development.js:25889:20)
    at performConcurrentWorkOnRoot (/home/rgoldberg/projects/figure-collector-services/figure-collector-frontend/node_modules/react-dom/cjs/react-dom.development.js:25789:22)
    at flushActQueue (/home/rgoldberg/projects/figure-collector-services/figure-collector-frontend/node_modules/react/cjs/react.development.js:2667:24)
    at act (/home/rgoldberg/projects/figure-collector-services/figure-collector-frontend/node_modules/react/cjs/react.development.js:2582:11)
    at /home/rgoldberg/projects/figure-collector-services/figure-collector-frontend/node_modules/@testing-library/react/dist/act-compat.js:47:25
    at renderRoot (/home/rgoldberg/projects/figure-collector-services/figure-collector-frontend/node_modules/@testing-library/react/dist/pure.js:190:26)
    at render (/home/rgoldberg/projects/figure-collector-services/figure-collector-frontend/node_modules/@testing-library/react/dist/pure.js:292:10)
    at customRender (/home/rgoldberg/projects/figure-collector-services/figure-collector-frontend/src/test-utils.tsx:79:12)
    at Object.&lt;anonymous&gt; (/home/rgoldberg/projects/figure-collector-services/figure-collector-frontend/src/__tests__/integration/figure-operations.integration.test.tsx:67:11)
    at Promise.then.completed (/home/rgoldberg/projects/figure-collector-services/figure-collector-frontend/node_modules/@jest/core/node_modules/jest-circus/build/utils.js:391:28)
    at new Promise (&lt;anonymous&gt;)
    at callAsyncCircusFn (/home/rgoldberg/projects/figure-collector-services/figure-collector-frontend/node_modules/@jest/core/node_modules/jest-circus/build/utils.js:316:10)
    at _callCircusTest (/home/rgoldberg/projects/figure-collector-services/figure-collector-frontend/node_modules/@jest/core/node_modules/jest-circus/build/run.js:218:40)
    at _runTest (/home/rgoldberg/projects/figure-collector-services/figure-collector-frontend/node_modules/@jest/core/node_modules/jest-circus/build/run.js:155:3)
    at _runTestsForDescribeBlock (/home/rgoldberg/projects/figure-collector-services/figure-collector-frontend/node_modules/@jest/core/node_modules/jest-circus/build/run.js:66:9)
    at _runTestsForDescribeBlock (/home/rgoldberg/projects/figure-collector-services/figure-collector-frontend/node_modules/@jest/core/node_modules/jest-circus/build/run.js:60:9)
    at run (/home/rgoldberg/projects/figure-collector-services/figure-collector-frontend/node_modules/@jest/core/node_modules/jest-circus/build/run.js:25:3)
    at runAndTransformResultsToJestFormat (/home/rgoldberg/projects/figure-collector-services/figure-collector-frontend/node_modules/@jest/core/node_modules/jest-circus/build/legacy-code-todo-rewrite/jestAdapterInit.js:170:21)
    at jestAdapter (/home/rgoldberg/projects/figure-collector-services/figure-collector-frontend/node_modules/@jest/core/node_modules/jest-circus/build/legacy-code-todo-rewrite/jestAdapter.js:82:19)
    at runTestInternal (/home/rgoldberg/projects/figure-collector-services/figure-collector-frontend/node_modules/jest-runner/build/runTest.js:389:16)
    at runTest (/home/rgoldberg/projects/figure-collector-services/figure-collector-frontend/node_modules/jest-runner/build/runTest.js:475:34)</failure>
    </testcase>
    <testcase classname="Figure Operations Integration performs a search with real backend integration" name="Figure Operations Integration performs a search with real backend integration" time="0.044">
      <failure>TypeError: Cannot read properties of undefined (reading &apos;isLoading&apos;)
    at AddFigure (/home/rgoldberg/projects/figure-collector-services/figure-collector-frontend/src/pages/AddFigure.tsx:85:31)
    at renderWithHooks (/home/rgoldberg/projects/figure-collector-services/figure-collector-frontend/node_modules/react-dom/cjs/react-dom.development.js:15486:18)
    at mountIndeterminateComponent (/home/rgoldberg/projects/figure-collector-services/figure-collector-frontend/node_modules/react-dom/cjs/react-dom.development.js:20103:13)
    at beginWork (/home/rgoldberg/projects/figure-collector-services/figure-collector-frontend/node_modules/react-dom/cjs/react-dom.development.js:21626:16)
    at beginWork$1 (/home/rgoldberg/projects/figure-collector-services/figure-collector-frontend/node_modules/react-dom/cjs/react-dom.development.js:27465:14)
    at performUnitOfWork (/home/rgoldberg/projects/figure-collector-services/figure-collector-frontend/node_modules/react-dom/cjs/react-dom.development.js:26599:12)
    at workLoopSync (/home/rgoldberg/projects/figure-collector-services/figure-collector-frontend/node_modules/react-dom/cjs/react-dom.development.js:26505:5)
    at renderRootSync (/home/rgoldberg/projects/figure-collector-services/figure-collector-frontend/node_modules/react-dom/cjs/react-dom.development.js:26473:7)
    at recoverFromConcurrentError (/home/rgoldberg/projects/figure-collector-services/figure-collector-frontend/node_modules/react-dom/cjs/react-dom.development.js:25889:20)
    at performConcurrentWorkOnRoot (/home/rgoldberg/projects/figure-collector-services/figure-collector-frontend/node_modules/react-dom/cjs/react-dom.development.js:25789:22)
    at flushActQueue (/home/rgoldberg/projects/figure-collector-services/figure-collector-frontend/node_modules/react/cjs/react.development.js:2667:24)
    at act (/home/rgoldberg/projects/figure-collector-services/figure-collector-frontend/node_modules/react/cjs/react.development.js:2582:11)
    at /home/rgoldberg/projects/figure-collector-services/figure-collector-frontend/node_modules/@testing-library/react/dist/act-compat.js:47:25
    at renderRoot (/home/rgoldberg/projects/figure-collector-services/figure-collector-frontend/node_modules/@testing-library/react/dist/pure.js:190:26)
    at render (/home/rgoldberg/projects/figure-collector-services/figure-collector-frontend/node_modules/@testing-library/react/dist/pure.js:292:10)
    at customRender (/home/rgoldberg/projects/figure-collector-services/figure-collector-frontend/src/test-utils.tsx:79:12)
    at Object.&lt;anonymous&gt; (/home/rgoldberg/projects/figure-collector-services/figure-collector-frontend/src/__tests__/integration/figure-operations.integration.test.tsx:90:11)
    at Promise.then.completed (/home/rgoldberg/projects/figure-collector-services/figure-collector-frontend/node_modules/@jest/core/node_modules/jest-circus/build/utils.js:391:28)
    at new Promise (&lt;anonymous&gt;)
    at callAsyncCircusFn (/home/rgoldberg/projects/figure-collector-services/figure-collector-frontend/node_modules/@jest/core/node_modules/jest-circus/build/utils.js:316:10)
    at _callCircusTest (/home/rgoldberg/projects/figure-collector-services/figure-collector-frontend/node_modules/@jest/core/node_modules/jest-circus/build/run.js:218:40)
    at _runTest (/home/rgoldberg/projects/figure-collector-services/figure-collector-frontend/node_modules/@jest/core/node_modules/jest-circus/build/run.js:155:3)
    at _runTestsForDescribeBlock (/home/rgoldberg/projects/figure-collector-services/figure-collector-frontend/node_modules/@jest/core/node_modules/jest-circus/build/run.js:66:9)
    at _runTestsForDescribeBlock (/home/rgoldberg/projects/figure-collector-services/figure-collector-frontend/node_modules/@jest/core/node_modules/jest-circus/build/run.js:60:9)
    at run (/home/rgoldberg/projects/figure-collector-services/figure-collector-frontend/node_modules/@jest/core/node_modules/jest-circus/build/run.js:25:3)
    at runAndTransformResultsToJestFormat (/home/rgoldberg/projects/figure-collector-services/figure-collector-frontend/node_modules/@jest/core/node_modules/jest-circus/build/legacy-code-todo-rewrite/jestAdapterInit.js:170:21)
    at jestAdapter (/home/rgoldberg/projects/figure-collector-services/figure-collector-frontend/node_modules/@jest/core/node_modules/jest-circus/build/legacy-code-todo-rewrite/jestAdapter.js:82:19)
    at runTestInternal (/home/rgoldberg/projects/figure-collector-services/figure-collector-frontend/node_modules/jest-runner/build/runTest.js:389:16)
    at runTest (/home/rgoldberg/projects/figure-collector-services/figure-collector-frontend/node_modules/jest-runner/build/runTest.js:475:34)</failure>
    </testcase>
  </testsuite>
  <testsuite name="Enhanced API Integration Tests" errors="0" failures="54" skipped="0" timestamp="2025-09-04T20:05:29" time="0.133" tests="55">
    <testcase classname="Enhanced API Integration Tests API Instance Configuration should create axios instance with correct base URL" name="Enhanced API Integration Tests API Instance Configuration should create axios instance with correct base URL" time="0.002">
      <failure>Error: expect(jest.fn()).toHaveBeenCalledWith(...expected)

Expected: {&quot;baseURL&quot;: &quot;/api&quot;, &quot;headers&quot;: {&quot;Content-Type&quot;: &quot;application/json&quot;}}

Number of calls: 0
    at Object.&lt;anonymous&gt; (/home/rgoldberg/projects/figure-collector-services/figure-collector-frontend/src/api/__tests__/index.enhanced.test.ts:70:34)
    at Promise.then.completed (/home/rgoldberg/projects/figure-collector-services/figure-collector-frontend/node_modules/@jest/core/node_modules/jest-circus/build/utils.js:391:28)
    at new Promise (&lt;anonymous&gt;)
    at callAsyncCircusFn (/home/rgoldberg/projects/figure-collector-services/figure-collector-frontend/node_modules/@jest/core/node_modules/jest-circus/build/utils.js:316:10)
    at _callCircusTest (/home/rgoldberg/projects/figure-collector-services/figure-collector-frontend/node_modules/@jest/core/node_modules/jest-circus/build/run.js:218:40)
    at _runTest (/home/rgoldberg/projects/figure-collector-services/figure-collector-frontend/node_modules/@jest/core/node_modules/jest-circus/build/run.js:155:3)
    at _runTestsForDescribeBlock (/home/rgoldberg/projects/figure-collector-services/figure-collector-frontend/node_modules/@jest/core/node_modules/jest-circus/build/run.js:66:9)
    at _runTestsForDescribeBlock (/home/rgoldberg/projects/figure-collector-services/figure-collector-frontend/node_modules/@jest/core/node_modules/jest-circus/build/run.js:60:9)
    at _runTestsForDescribeBlock (/home/rgoldberg/projects/figure-collector-services/figure-collector-frontend/node_modules/@jest/core/node_modules/jest-circus/build/run.js:60:9)
    at run (/home/rgoldberg/projects/figure-collector-services/figure-collector-frontend/node_modules/@jest/core/node_modules/jest-circus/build/run.js:25:3)
    at runAndTransformResultsToJestFormat (/home/rgoldberg/projects/figure-collector-services/figure-collector-frontend/node_modules/@jest/core/node_modules/jest-circus/build/legacy-code-todo-rewrite/jestAdapterInit.js:170:21)
    at jestAdapter (/home/rgoldberg/projects/figure-collector-services/figure-collector-frontend/node_modules/@jest/core/node_modules/jest-circus/build/legacy-code-todo-rewrite/jestAdapter.js:82:19)
    at runTestInternal (/home/rgoldberg/projects/figure-collector-services/figure-collector-frontend/node_modules/jest-runner/build/runTest.js:389:16)
    at runTest (/home/rgoldberg/projects/figure-collector-services/figure-collector-frontend/node_modules/jest-runner/build/runTest.js:475:34)</failure>
    </testcase>
    <testcase classname="Enhanced API Integration Tests API Instance Configuration should use environment API URL when available" name="Enhanced API Integration Tests API Instance Configuration should use environment API URL when available" time="0.002">
      <failure>Error: expect(jest.fn()).toHaveBeenCalledWith(...expected)

Expected: {&quot;baseURL&quot;: &quot;https://api.example.com&quot;, &quot;headers&quot;: {&quot;Content-Type&quot;: &quot;application/json&quot;}}

Number of calls: 0
    at Object.&lt;anonymous&gt; (/home/rgoldberg/projects/figure-collector-services/figure-collector-frontend/src/api/__tests__/index.enhanced.test.ts:86:34)
    at Promise.then.completed (/home/rgoldberg/projects/figure-collector-services/figure-collector-frontend/node_modules/@jest/core/node_modules/jest-circus/build/utils.js:391:28)
    at new Promise (&lt;anonymous&gt;)
    at callAsyncCircusFn (/home/rgoldberg/projects/figure-collector-services/figure-collector-frontend/node_modules/@jest/core/node_modules/jest-circus/build/utils.js:316:10)
    at _callCircusTest (/home/rgoldberg/projects/figure-collector-services/figure-collector-frontend/node_modules/@jest/core/node_modules/jest-circus/build/run.js:218:40)
    at _runTest (/home/rgoldberg/projects/figure-collector-services/figure-collector-frontend/node_modules/@jest/core/node_modules/jest-circus/build/run.js:155:3)
    at _runTestsForDescribeBlock (/home/rgoldberg/projects/figure-collector-services/figure-collector-frontend/node_modules/@jest/core/node_modules/jest-circus/build/run.js:66:9)
[...]
    </testcase>
    <testcase classname="FigureForm Error Handling should handle input in case of potential errors" name="FigureForm Error Handling should handle input in case of potential errors" time="0.004">
    </testcase>
  </testsuite>
  <testsuite name="Pagination" errors="0" failures="0" skipped="0" timestamp="2025-09-04T20:05:31" time="0.214" tests="27">
    <testcase classname="Pagination Rendering should not render content when there is only one page" name="Pagination Rendering should not render content when there is only one page" time="0.005">
    </testcase>
    <testcase classname="Pagination Rendering should not render content when there are no pages" name="Pagination Rendering should not render content when there are no pages" time="0.002">
    </testcase>
    <testcase classname="Pagination Rendering should render pagination controls when there are multiple pages" name="Pagination Rendering should render pagination controls when there are multiple pages" time="0.025">
    </testcase>
    <testcase classname="Pagination Rendering should render page number buttons" name="Pagination Rendering should render page number buttons" time="0.007">
    </testcase>
    <testcase classname="Pagination Previous Button should be disabled on first page" name="Pagination Previous Button should be disabled on first page" time="0.004">
    </testcase>
    <testcase classname="Pagination Previous Button should be enabled when not on first page" name="Pagination Previous Button should be enabled when not on first page" time="0.005">
    </testcase>
    <testcase classname="Pagination Previous Button should call onPageChange with previous page when clicked" name="Pagination Previous Button should call onPageChange with previous page when clicked" time="0.012">
    </testcase>
    <testcase classname="Pagination Previous Button should not call onPageChange when disabled" name="Pagination Previous Button should not call onPageChange when disabled" time="0.007">
    </testcase>
    <testcase classname="Pagination Next Button should be disabled on last page" name="Pagination Next Button should be disabled on last page" time="0.003">
    </testcase>
    <testcase classname="Pagination Next Button should be enabled when not on last page" name="Pagination Next Button should be enabled when not on last page" time="0.004">
    </testcase>
    <testcase classname="Pagination Next Button should call onPageChange with next page when clicked" name="Pagination Next Button should call onPageChange with next page when clicked" time="0.007">
    </testcase>
    <testcase classname="Pagination Next Button should not call onPageChange when disabled" name="Pagination Next Button should not call onPageChange when disabled" time="0.007">
    </testcase>
    <testcase classname="Pagination Page Number Buttons should call onPageChange when page button clicked" name="Pagination Page Number Buttons should call onPageChange when page button clicked" time="0.006">
    </testcase>
    <testcase classname="Pagination Page Number Buttons should call onPageChange for first page" name="Pagination Page Number Buttons should call onPageChange for first page" time="0.007">
    </testcase>
    <testcase classname="Pagination Page Display Logic should show first page button" name="Pagination Page Display Logic should show first page button" time="0.004">
    </testcase>
    <testcase classname="Pagination Page Display Logic should show last page button when totalPages &gt; 1" name="Pagination Page Display Logic should show last page button when totalPages &gt; 1" time="0.004">
    </testcase>
    <testcase classname="Pagination Page Display Logic should show pages around current page" name="Pagination Page Display Logic should show pages around current page" time="0.012">
    </testcase>
    <testcase classname="Pagination Page Display Logic should show ellipsis when there are gaps" name="Pagination Page Display Logic should show ellipsis when there are gaps" time="0.002">
    </testcase>
    <testcase classname="Pagination Edge Cases should handle currentPage = 1 with 2 total pages" name="Pagination Edge Cases should handle currentPage = 1 with 2 total pages" time="0.001">
    </testcase>
    <testcase classname="Pagination Edge Cases should handle currentPage = 1 with 3 total pages" name="Pagination Edge Cases should handle currentPage = 1 with 3 total pages" time="0.01">
    </testcase>
    <testcase classname="Pagination Edge Cases should handle large page numbers" name="Pagination Edge Cases should handle large page numbers" time="0.008">
    </testcase>
    <testcase classname="Pagination Accessibility should have proper ARIA labels" name="Pagination Accessibility should have proper ARIA labels" time="0.007">
    </testcase>
    <testcase classname="Pagination Accessibility should be keyboard navigable" name="Pagination Accessibility should be keyboard navigable" time="0.01">
    </testcase>
    <testcase classname="Pagination Accessibility should support Enter key activation" name="Pagination Accessibility should support Enter key activation" time="0.004">
    </testcase>
    <testcase classname="Pagination Accessibility should support Space key activation" name="Pagination Accessibility should support Space key activation" time="0.005">
    </testcase>
    <testcase classname="Pagination Component Integration should render without errors" name="Pagination Component Integration should render without errors" time="0.001">
    </testcase>
    <testcase classname="Pagination Component Integration should handle prop changes correctly" name="Pagination Component Integration should handle prop changes correctly" time="0.007">
    </testcase>
  </testsuite>
  <testsuite name="FigureCard" errors="0" failures="0" skipped="0" timestamp="2025-09-04T20:05:32" time="0.178" tests="21">
    <testcase classname="FigureCard Rendering should render figure information correctly" name="FigureCard Rendering should render figure information correctly" time="0.036">
    </testcase>
    <testcase classname="FigureCard Rendering should render MFC link when provided" name="FigureCard Rendering should render MFC link when provided" time="0.003">
    </testcase>
    <testcase classname="FigureCard Rendering should not render MFC link when not provided" name="FigureCard Rendering should not render MFC link when not provided" time="0.002">
    </testcase>
    <testcase classname="FigureCard Rendering should render figure image correctly" name="FigureCard Rendering should render figure image correctly" time="0.007">
    </testcase>
    <testcase classname="FigureCard Rendering should use placeholder when no image URL provided" name="FigureCard Rendering should use placeholder when no image URL provided" time="0.003">
    </testcase>
    <testcase classname="FigureCard Rendering should render edit and delete buttons" name="FigureCard Rendering should render edit and delete buttons" time="0.007">
    </testcase>
    <testcase classname="FigureCard Navigation should have correct link to figure detail page" name="FigureCard Navigation should have correct link to figure detail page" time="0.007">
    </testcase>
    <testcase classname="FigureCard Navigation should have correct link to edit page" name="FigureCard Navigation should have correct link to edit page" time="0.006">
    </testcase>
    <testcase classname="FigureCard Delete Functionality should show confirmation dialog when delete button is clicked" name="FigureCard Delete Functionality should show confirmation dialog when delete button is clicked" time="0.01">
    </testcase>
    <testcase classname="FigureCard Delete Functionality should call deleteFigure API when confirmed" name="FigureCard Delete Functionality should call deleteFigure API when confirmed" time="0.011">
    </testcase>
    <testcase classname="FigureCard Delete Functionality should not call deleteFigure API when cancelled" name="FigureCard Delete Functionality should not call deleteFigure API when cancelled" time="0.011">
    </testcase>
    <testcase classname="FigureCard Delete Functionality should show loading state on delete button when mutation is loading" name="FigureCard Delete Functionality should show loading state on delete button when mutation is loading" time="0.005">
    </testcase>
    <testcase classname="FigureCard Mutation Configuration should configure mutation with correct success callback" name="FigureCard Mutation Configuration should configure mutation with correct success callback" time="0.005">
    </testcase>
    <testcase classname="FigureCard Mutation Configuration should configure mutation with correct error callback" name="FigureCard Mutation Configuration should configure mutation with correct error callback" time="0.003">
    </testcase>
    <testcase classname="FigureCard Hover Effects should have hover styles applied" name="FigureCard Hover Effects should have hover styles applied" time="0.005">
    </testcase>
    <testcase classname="FigureCard Accessibility should have proper ARIA labels on buttons" name="FigureCard Accessibility should have proper ARIA labels on buttons" time="0.007">
    </testcase>
    <testcase classname="FigureCard Accessibility should have proper alt text on image" name="FigureCard Accessibility should have proper alt text on image" time="0.003">
    </testcase>
    <testcase classname="FigureCard Accessibility should have proper link text for figure name" name="FigureCard Accessibility should have proper link text for figure name" time="0.005">
    </testcase>
    <testcase classname="FigureCard Edge Cases should handle missing location gracefully" name="FigureCard Edge Cases should handle missing location gracefully" time="0.002">
    </testcase>
    <testcase classname="FigureCard Edge Cases should truncate long figure names" name="FigureCard Edge Cases should truncate long figure names" time="0.005">
    </testcase>
    <testcase classname="FigureCard Edge Cases should handle empty or null figure data gracefully" name="FigureCard Edge Cases should handle empty or null figure data gracefully" time="0.002">
    </testcase>
  </testsuite>
  <testsuite name="Layout" errors="0" failures="0" skipped="0" timestamp="2025-09-04T20:05:32" time="0.108" tests="7">
    <testcase classname="Layout component rendering should render layout structure correctly" name="Layout component rendering should render layout structure correctly" time="0.043">
    </testcase>
    <testcase classname="Layout component rendering should render sidebar only on medium+ screens" name="Layout component rendering should render sidebar only on medium+ screens" time="0.006">
    </testcase>
    <testcase classname="Layout component rendering should render footer with proper styling" name="Layout component rendering should render footer with proper styling" time="0.007">
    </testcase>
    <testcase classname="Layout responsive behavior should hide sidebar on smaller screens" name="Layout responsive behavior should hide sidebar on smaller screens" time="0.003">
    </testcase>
    <testcase classname="Layout responsive behavior should maintain proper layout structure on all screen sizes" name="Layout responsive behavior should maintain proper layout structure on all screen sizes" time="0.007">
    </testcase>
    <testcase classname="Layout accessibility should have proper semantic HTML structure" name="Layout accessibility should have proper semantic HTML structure" time="0.007">
    </testcase>
    <testcase classname="Layout error boundaries should handle component rendering errors gracefully" name="Layout error boundaries should handle component rendering errors gracefully" time="0.003">
    </testcase>
  </testsuite>
  <testsuite name="Layout - Pure Unit Tests" errors="0" failures="0" skipped="0" timestamp="2025-09-04T20:05:32" time="0.054" tests="3">
    <testcase classname="Layout - Pure Unit Tests should render basic layout structure" name="Layout - Pure Unit Tests should render basic layout structure" time="0.017">
    </testcase>
    <testcase classname="Layout - Pure Unit Tests should render footer with proper semantic structure" name="Layout - Pure Unit Tests should render footer with proper semantic structure" time="0.003">
    </testcase>
    <testcase classname="Layout - Pure Unit Tests should have proper semantic HTML roles for accessibility" name="Layout - Pure Unit Tests should have proper semantic HTML roles for accessibility" time="0.007">
    </testcase>
  </testsuite>
  <testsuite name="authStore" errors="0" failures="0" skipped="0" timestamp="2025-09-04T20:05:32" time="0.049" tests="11">
    <testcase classname="authStore initial state should have null user and false isAuthenticated initially" name="authStore initial state should have null user and false isAuthenticated initially" time="0.002">
    </testcase>
    <testcase classname="authStore setUser should set user and isAuthenticated to true when user is provided" name="authStore setUser should set user and isAuthenticated to true when user is provided" time="0.001">
    </testcase>
    <testcase classname="authStore setUser should set user to null and isAuthenticated to false when null is provided" name="authStore setUser should set user to null and isAuthenticated to false when null is provided" time="0.002">
    </testcase>
    <testcase classname="authStore setUser should update user data when new user object is provided" name="authStore setUser should update user data when new user object is provided" time="0.002">
    </testcase>
    <testcase classname="authStore logout should clear user and set isAuthenticated to false" name="authStore logout should clear user and set isAuthenticated to false" time="0.002">
    </testcase>
    <testcase classname="authStore logout should work even when no user is set" name="authStore logout should work even when no user is set" time="0.001">
    </testcase>
    <testcase classname="authStore persistence should persist state changes to localStorage" name="authStore persistence should persist state changes to localStorage" time="0.001">
    </testcase>
    <testcase classname="authStore persistence should handle user object with missing token" name="authStore persistence should handle user object with missing token" time="0.002">
    </testcase>
    <testcase classname="authStore multiple store instances should share state across multiple hook calls" name="authStore multiple store instances should share state across multiple hook calls" time="0.002">
    </testcase>
    <testcase classname="authStore edge cases should handle undefined user gracefully" name="authStore edge cases should handle undefined user gracefully" time="0.002">
    </testcase>
    <testcase classname="authStore edge cases should handle empty user object" name="authStore edge cases should handle empty user object" time="0.001">
    </testcase>
  </testsuite>
  <testsuite name="Layout - Basic Functionality" errors="0" failures="0" skipped="0" timestamp="2025-09-04T20:05:32" time="0.05" tests="2">
    <testcase classname="Layout - Basic Functionality should render without crashing" name="Layout - Basic Functionality should render without crashing" time="0.018">
    </testcase>
    <testcase classname="Layout - Basic Functionality should have basic layout structure" name="Layout - Basic Functionality should have basic layout structure" time="0.003">
    </testcase>
  </testsuite>
  <testsuite name="API Functions" errors="0" failures="0" skipped="0" timestamp="2025-09-04T20:05:32" time="0.051" tests="20">
    <testcase classname="API Functions Auth API loginUser should login user successfully" name="API Functions Auth API loginUser should login user successfully" time="0.001">
    </testcase>
    <testcase classname="API Functions Auth API loginUser should handle login error" name="API Functions Auth API loginUser should handle login error" time="0">
    </testcase>
    <testcase classname="API Functions Auth API registerUser should register user successfully" name="API Functions Auth API registerUser should register user successfully" time="0.001">
    </testcase>
    <testcase classname="API Functions Auth API getUserProfile should get user profile successfully" name="API Functions Auth API getUserProfile should get user profile successfully" time="0.001">
    </testcase>
    <testcase classname="API Functions Auth API updateUserProfile should update user profile successfully" name="API Functions Auth API updateUserProfile should update user profile successfully" time="0.001">
    </testcase>
    <testcase classname="API Functions Figures API getFigures should get figures with default pagination" name="API Functions Figures API getFigures should get figures with default pagination" time="0">
    </testcase>
    <testcase classname="API Functions Figures API getFigures should get figures with custom pagination" name="API Functions Figures API getFigures should get figures with custom pagination" time="0.001">
    </testcase>
    <testcase classname="API Functions Figures API getFigureById should get figure by id successfully" name="API Functions Figures API getFigureById should get figure by id successfully" time="0.001">
    </testcase>
    <testcase classname="API Functions Figures API getFigureById should handle figure not found" name="API Functions Figures API getFigureById should handle figure not found" time="0.001">
    </testcase>
    <testcase classname="API Functions Figures API createFigure should create figure successfully" name="API Functions Figures API createFigure should create figure successfully" time="0">
    </testcase>
    <testcase classname="API Functions Figures API updateFigure should update figure successfully" name="API Functions Figures API updateFigure should update figure successfully" time="0.001">
    </testcase>
    <testcase classname="API Functions Figures API deleteFigure should delete figure successfully" name="API Functions Figures API deleteFigure should delete figure successfully" time="0.001">
    </testcase>
    <testcase classname="API Functions Figures API deleteFigure should handle delete error" name="API Functions Figures API deleteFigure should handle delete error" time="0.001">
    </testcase>
    <testcase classname="API Functions Figures API searchFigures should search figures successfully" name="API Functions Figures API searchFigures should search figures successfully" time="0">
    </testcase>
    <testcase classname="API Functions Figures API searchFigures should encode special characters in search query" name="API Functions Figures API searchFigures should encode special characters in search query" time="0.001">
    </testcase>
    <testcase classname="API Functions Figures API filterFigures should filter figures with all parameters" name="API Functions Figures API filterFigures should filter figures with all parameters" time="0.001">
    </testcase>
    <testcase classname="API Functions Figures API filterFigures should filter figures with partial parameters" name="API Functions Figures API filterFigures should filter figures with partial parameters" time="0">
    </testcase>
    <testcase classname="API Functions Figures API filterFigures should handle empty filter parameters" name="API Functions Figures API filterFigures should handle empty filter parameters" time="0.001">
    </testcase>
    <testcase classname="API Functions Figures API getFigureStats should get figure statistics successfully" name="API Functions Figures API getFigureStats should get figure statistics successfully" time="0.001">
    </testcase>
    <testcase classname="API Functions Figures API getFigureStats should handle stats error" name="API Functions Figures API getFigureStats should handle stats error" time="0">
    </testcase>
  </testsuite>
</testsuites>